This is pdfTeX, Version 3.14159265-2.6-1.40.20 (MiKTeX 2.9.7050 64-bit) (preloaded format=pdflatex 2019.6.18)  20 JUN 2019 02:11
entering extended mode
**./pfe.tex
(pfe.tex
LaTeX2e <2018-12-01>
("C:\Users\Ismail\AppData\Local\Programs\MiKTeX 2.9\tex/latex/base\report.cls"
Document Class: report 2018/09/03 v1.4i Standard LaTeX document class
("C:\Users\Ismail\AppData\Local\Programs\MiKTeX 2.9\tex/latex/base\size12.clo"
File: size12.clo 2018/09/03 v1.4i Standard LaTeX file (size option)
)
\c@part=\count80
\c@chapter=\count81
\c@section=\count82
\c@subsection=\count83
\c@subsubsection=\count84
\c@paragraph=\count85
\c@subparagraph=\count86
\c@figure=\count87
\c@table=\count88
\abovecaptionskip=\skip41
\belowcaptionskip=\skip42
\bibindent=\dimen102
)
("C:\Users\Ismail\AppData\Local\Programs\MiKTeX 2.9\tex/latex/psnfss\charter.st
y"
Package: charter 2005/04/12 PSNFSS-v9.2a (P.Dyballa) 
)
("C:\Users\Ismail\AppData\Local\Programs\MiKTeX 2.9\tex/latex/base\fontenc.sty"
Package: fontenc 2018/08/11 v2.0j Standard LaTeX package
("C:\Users\Ismail\AppData\Local\Programs\MiKTeX 2.9\tex/latex/base\t1enc.def"
File: t1enc.def 2018/08/11 v2.0j Standard LaTeX file
LaTeX Font Info:    Redeclaring font encoding T1 on input line 48.
))
("C:\Users\Ismail\AppData\Local\Programs\MiKTeX 2.9\tex/latex/geometry\geometry
.sty"
Package: geometry 2018/04/16 v5.8 Page Geometry

("C:\Users\Ismail\AppData\Local\Programs\MiKTeX 2.9\tex/latex/graphics\keyval.s
ty"
Package: keyval 2014/10/28 v1.15 key=value parser (DPC)
\KV@toks@=\toks14
)
("C:\Users\Ismail\AppData\Local\Programs\MiKTeX 2.9\tex/generic/oberdiek\ifpdf.
sty"
Package: ifpdf 2018/09/07 v3.3 Provides the ifpdf switch
)
("C:\Users\Ismail\AppData\Local\Programs\MiKTeX 2.9\tex/generic/oberdiek\ifvtex
.sty"
Package: ifvtex 2016/05/16 v1.6 Detect VTeX and its facilities (HO)
Package ifvtex Info: VTeX not detected.
)
("C:\Users\Ismail\AppData\Local\Programs\MiKTeX 2.9\tex/generic/ifxetex\ifxetex
.sty"
Package: ifxetex 2010/09/12 v0.6 Provides ifxetex conditional
)
\Gm@cnth=\count89
\Gm@cntv=\count90
\c@Gm@tempcnt=\count91
\Gm@bindingoffset=\dimen103
\Gm@wd@mp=\dimen104
\Gm@odd@mp=\dimen105
\Gm@even@mp=\dimen106
\Gm@layoutwidth=\dimen107
\Gm@layoutheight=\dimen108
\Gm@layouthoffset=\dimen109
\Gm@layoutvoffset=\dimen110
\Gm@dimlist=\toks15

("C:\Users\Ismail\AppData\Local\Programs\MiKTeX 2.9\tex/latex/geometry\geometry
.cfg"))
("C:\Users\Ismail\AppData\Local\Programs\MiKTeX 2.9\tex/latex/graphics\color.st
y"
Package: color 2016/07/10 v1.1e Standard LaTeX Color (DPC)

("C:\Users\Ismail\AppData\Local\Programs\MiKTeX 2.9\tex/latex/graphics-cfg\colo
r.cfg"
File: color.cfg 2016/01/02 v1.6 sample color configuration
)
Package color Info: Driver file: pdftex.def on input line 147.

("C:\Users\Ismail\AppData\Local\Programs\MiKTeX 2.9\tex/latex/graphics-def\pdft
ex.def"
File: pdftex.def 2018/01/08 v1.0l Graphics/color driver for pdftex
))
("C:\Users\Ismail\AppData\Local\Programs\MiKTeX 2.9\tex/generic/babel\babel.sty
"
Package: babel 2019/06/03 3.32 The Babel package

("C:\Users\Ismail\AppData\Local\Programs\MiKTeX 2.9\tex/generic/babel\switch.de
f"
File: switch.def 2019/06/03 3.32 Babel switching mechanism
)
*************************************
* Local config file bblopts.cfg used
*
("C:\Users\Ismail\AppData\Local\Programs\MiKTeX 2.9\tex/latex/arabi\bblopts.cfg
"
File: bblopts.cfg 2005/09/08 v0.1 add Arabic and Farsi to "declared" options of
 babel
)
("C:\Users\Ismail\AppData\Local\Programs\MiKTeX 2.9\tex/latex/babel-english\eng
lish.ldf"
Language: english 2017/06/06 v3.3r English support from the babel system

("C:\Users\Ismail\AppData\Local\Programs\MiKTeX 2.9\tex/generic/babel\babel.def
"
File: babel.def 2019/06/03 3.32 Babel common definitions
\babel@savecnt=\count92
\U@D=\dimen111

("C:\Users\Ismail\AppData\Local\Programs\MiKTeX 2.9\tex/generic/babel\txtbabel.
def")
\bbl@dirlevel=\count93
)
\l@canadian = a dialect from \language\l@american 
\l@australian = a dialect from \language\l@british 
\l@newzealand = a dialect from \language\l@british 
))
("C:\Users\Ismail\AppData\Local\Programs\MiKTeX 2.9\tex/latex/arabtex\arabtex.s
ty"
("C:\Users\Ismail\AppData\Local\Programs\MiKTeX 2.9\tex/latex/arabtex\aconfig.s
ty"
LaTeX2e detected 
BABEL detected
\a@moduledate=\count94
\a@maindate=\count95
)
("C:\Users\Ismail\AppData\Local\Programs\MiKTeX 2.9\tex/latex/arabtex\arabaux.s
ty")
LaTeX Font Info:    Try loading font information for T1+bch on input line 551.

("C:\Users\Ismail\AppData\Local\Programs\MiKTeX 2.9\tex/latex/psnfss\t1bch.fd")
("C:\Users\Ismail\AppData\Local\Programs\MiKTeX 2.9\tex/latex/arabtex\acmd.sty"
)
("C:\Users\Ismail\AppData\Local\Programs\MiKTeX 2.9\tex/latex/arabtex\afonts.st
y"
("C:\Users\Ismail\AppData\Local\Programs\MiKTeX 2.9\tex/latex/arabtex\afonts2.s
ty"))
("C:\Users\Ismail\AppData\Local\Programs\MiKTeX 2.9\tex/latex/arabtex\ascan.sty
" (ArabTeX) scanner for code `arabtex' installed.
(ArabTeX) input encoding set to ArabTeX standard conventions.)
("C:\Users\Ismail\AppData\Local\Programs\MiKTeX 2.9\tex/latex/arabtex\aparse.st
y")
("C:\Users\Ismail\AppData\Local\Programs\MiKTeX 2.9\tex/latex/arabtex\awrite.st
y"
("C:\Users\Ismail\AppData\Local\Programs\MiKTeX 2.9\tex/latex/arabtex\xarbsymb.
sty")
("C:\Users\Ismail\AppData\Local\Programs\MiKTeX 2.9\tex/latex/arabtex\arabskel.
sty")
("C:\Users\Ismail\AppData\Local\Programs\MiKTeX 2.9\tex/latex/arabtex\xarbskel.
sty")
("C:\Users\Ismail\AppData\Local\Programs\MiKTeX 2.9\tex/latex/arabtex\aboxes.st
y")
("C:\Users\Ismail\AppData\Local\Programs\MiKTeX 2.9\tex/latex/arabtex\arabtoks.
sty")
("C:\Users\Ismail\AppData\Local\Programs\MiKTeX 2.9\tex/latex/arabtex\arabchrs.
sty"))
("C:\Users\Ismail\AppData\Local\Programs\MiKTeX 2.9\tex/latex/arabtex\aligs.sty
")
("C:\Users\Ismail\AppData\Local\Programs\MiKTeX 2.9\tex/latex/arabtex\aoutput.s
ty")
("C:\Users\Ismail\AppData\Local\Programs\MiKTeX 2.9\tex/latex/arabtex\abidir.st
y")
("C:\Users\Ismail\AppData\Local\Programs\MiKTeX 2.9\tex/latex/arabtex\atrans.st
y" (ArabTeX) ZDMG transliteration.)
("C:\Users\Ismail\AppData\Local\Programs\MiKTeX 2.9\tex/latex/arabtex\alatex.st
y"
("C:\Users\Ismail\AppData\Local\Programs\MiKTeX 2.9\tex/latex/arabtex\afoot.sty
"))
("C:\Users\Ismail\AppData\Local\Programs\MiKTeX 2.9\tex/latex/arabtex\abjad.sty
")
("C:\Users\Ismail\AppData\Local\Programs\MiKTeX 2.9\tex/latex/arabtex\apatch.st
y"
("C:\Users\Ismail\AppData\Local\Programs\MiKTeX 2.9\tex/latex/arabtex\alists.st
y")
("C:\Users\Ismail\AppData\Local\Programs\MiKTeX 2.9\tex/latex/arabtex\asect.sty
")
("C:\Users\Ismail\AppData\Local\Programs\MiKTeX 2.9\tex/latex/arabtex\atabg.sty
")
("C:\Users\Ismail\AppData\Local\Programs\MiKTeX 2.9\tex/latex/arabtex\alocal.st
y" (ArabTeX) 3.11 local stub, 26.02.2006))
Arabic processor `ArabTeX' [20060702 patch level 3.11s (02.07.2006)]
(ArabTeX) ... now be patient ... )
("C:\Users\Ismail\AppData\Local\Programs\MiKTeX 2.9\tex/latex/float\float.sty"
Package: float 2001/11/08 v1.3d Float enhancements (AL)
\c@float@type=\count125
\float@exts=\toks36
\float@box=\box42
\@float@everytoks=\toks37
\@floatcapt=\box43
)
("C:\Users\Ismail\AppData\Local\Programs\MiKTeX 2.9\tex/latex/graphics\graphicx
.sty"
Package: graphicx 2017/06/01 v1.1a Enhanced LaTeX Graphics (DPC,SPQR)

("C:\Users\Ismail\AppData\Local\Programs\MiKTeX 2.9\tex/latex/graphics\graphics
.sty"
Package: graphics 2017/06/25 v1.2c Standard LaTeX Graphics (DPC,SPQR)

("C:\Users\Ismail\AppData\Local\Programs\MiKTeX 2.9\tex/latex/graphics\trig.sty
"
Package: trig 2016/01/03 v1.10 sin cos tan (DPC)
)
("C:\Users\Ismail\AppData\Local\Programs\MiKTeX 2.9\tex/latex/graphics-cfg\grap
hics.cfg"
File: graphics.cfg 2016/06/04 v1.11 sample graphics configuration
)
Package graphics Info: Driver file: pdftex.def on input line 99.
)
\Gin@req@height=\dimen134
\Gin@req@width=\dimen135
)
("C:\Users\Ismail\AppData\Local\Programs\MiKTeX 2.9\tex/latex/setspace\setspace
.sty"
Package: setspace 2011/12/19 v6.7a set line spacing
)
("C:\Users\Ismail\AppData\Local\Programs\MiKTeX 2.9\tex/latex/nomencl\nomencl.s
ty"
Package: nomencl 2019/05/05 v5.2 Nomenclature package

("C:\Users\Ismail\AppData\Local\Programs\MiKTeX 2.9\tex/latex/xkeyval\xkeyval.s
ty"
Package: xkeyval 2014/12/03 v2.7a package option processing (HA)

("C:\Users\Ismail\AppData\Local\Programs\MiKTeX 2.9\tex/generic/xkeyval\xkeyval
.tex"
("C:\Users\Ismail\AppData\Local\Programs\MiKTeX 2.9\tex/generic/xkeyval\xkvutil
s.tex"
\XKV@toks=\toks38
\XKV@tempa@toks=\toks39
)
\XKV@depth=\count126
File: xkeyval.tex 2014/12/03 v2.7a key=value parser (HA)
))
("C:\Users\Ismail\AppData\Local\Programs\MiKTeX 2.9\tex/latex/base\ifthen.sty"
Package: ifthen 2014/09/29 v1.1c Standard LaTeX ifthen package (DPC)
)
("C:\Users\Ismail\AppData\Local\Programs\MiKTeX 2.9\tex/latex/koma-script\tocba
sic.sty"
Package: tocbasic 2019/02/01 v3.26b KOMA-Script package (handling toc-files)

("C:\Users\Ismail\AppData\Local\Programs\MiKTeX 2.9\tex/latex/koma-script\scrba
se.sty"
Package: scrbase 2019/02/01 v3.26b KOMA-Script package (KOMA-Script-independent
 basics and keyval usage)

("C:\Users\Ismail\AppData\Local\Programs\MiKTeX 2.9\tex/latex/koma-script\scrlf
ile.sty"
Package: scrlfile 2019/02/01 v3.26b KOMA-Script package (loading files)
))
\scr@dte@tocline@numberwidth=\skip45
\scr@dte@tocline@numbox=\box44
)
Package tocbasic Info: setting babel extension for `nlo' on input line 155.
Package tocbasic Info: setting babel extension for `nls' on input line 156.
\nomlabelwidth=\dimen136
\nom@tempdim=\dimen137
\nomitemsep=\skip46
)
\@nomenclaturefile=\write5
\openout5 = `pfe.nlo'.

Package nomencl Info: Writing nomenclature file pfe.nlo on input line 26.

("C:\Users\Ismail\AppData\Local\Programs\MiKTeX 2.9\tex/latex/hyperref\hyperref
.sty"
Package: hyperref 2018/11/30 v6.88e Hypertext links for LaTeX

("C:\Users\Ismail\AppData\Local\Programs\MiKTeX 2.9\tex/generic/oberdiek\hobsub
-hyperref.sty"
Package: hobsub-hyperref 2016/05/16 v1.14 Bundle oberdiek, subset hyperref (HO)


("C:\Users\Ismail\AppData\Local\Programs\MiKTeX 2.9\tex/generic/oberdiek\hobsub
-generic.sty"
Package: hobsub-generic 2016/05/16 v1.14 Bundle oberdiek, subset generic (HO)
Package: hobsub 2016/05/16 v1.14 Construct package bundles (HO)
Package: infwarerr 2016/05/16 v1.4 Providing info/warning/error messages (HO)
Package: ltxcmds 2016/05/16 v1.23 LaTeX kernel commands for general use (HO)
Package: ifluatex 2016/05/16 v1.4 Provides the ifluatex switch (HO)
Package ifluatex Info: LuaTeX not detected.
Package hobsub Info: Skipping package `ifvtex' (already loaded).
Package: intcalc 2016/05/16 v1.2 Expandable calculations with integers (HO)
Package hobsub Info: Skipping package `ifpdf' (already loaded).
Package: etexcmds 2016/05/16 v1.6 Avoid name clashes with e-TeX commands (HO)
Package: kvsetkeys 2016/05/16 v1.17 Key value parser (HO)
Package: kvdefinekeys 2016/05/16 v1.4 Define keys (HO)
Package: pdftexcmds 2018/09/10 v0.29 Utility functions of pdfTeX for LuaTeX (HO
)
Package pdftexcmds Info: LuaTeX not detected.
Package pdftexcmds Info: \pdf@primitive is available.
Package pdftexcmds Info: \pdf@ifprimitive is available.
Package pdftexcmds Info: \pdfdraftmode found.
Package: pdfescape 2016/05/16 v1.14 Implements pdfTeX's escape features (HO)
Package: bigintcalc 2016/05/16 v1.4 Expandable calculations on big integers (HO
)
Package: bitset 2016/05/16 v1.2 Handle bit-vector datatype (HO)
Package: uniquecounter 2016/05/16 v1.3 Provide unlimited unique counter (HO)
)
Package hobsub Info: Skipping package `hobsub' (already loaded).
Package: letltxmacro 2016/05/16 v1.5 Let assignment for LaTeX macros (HO)
Package: hopatch 2016/05/16 v1.3 Wrapper for package hooks (HO)
Package: xcolor-patch 2016/05/16 xcolor patch
Package: atveryend 2016/05/16 v1.9 Hooks at the very end of document (HO)
Package atveryend Info: \enddocument detected (standard20110627).
Package atveryend Info: \a@enddocument detected (standard20110627).
Package: atbegshi 2016/06/09 v1.18 At begin shipout hook (HO)
Package: refcount 2016/05/16 v3.5 Data extraction from label references (HO)
Package: hycolor 2016/05/16 v1.8 Color options for hyperref/bookmark (HO)
)
("C:\Users\Ismail\AppData\Local\Programs\MiKTeX 2.9\tex/latex/oberdiek\auxhook.
sty"
Package: auxhook 2016/05/16 v1.4 Hooks for auxiliary files (HO)


Package auxhook Warning: Cannot patch \document,
(auxhook)                using \AtBeginDocument instead.

)
("C:\Users\Ismail\AppData\Local\Programs\MiKTeX 2.9\tex/latex/oberdiek\kvoption
s.sty"
Package: kvoptions 2016/05/16 v3.12 Key value format for package options (HO)
)
\@linkdim=\dimen138
\Hy@linkcounter=\count127
\Hy@pagecounter=\count128

("C:\Users\Ismail\AppData\Local\Programs\MiKTeX 2.9\tex/latex/hyperref\pd1enc.d
ef"
File: pd1enc.def 2018/11/30 v6.88e Hyperref: PDFDocEncoding definition (HO)
Now handling font encoding PD1 ...
... no UTF-8 mapping file for font encoding PD1
)
\Hy@SavedSpaceFactor=\count129

("C:\Users\Ismail\AppData\Local\Programs\MiKTeX 2.9\tex/latex/00miktex\hyperref
.cfg"
File: hyperref.cfg 2002/06/06 v1.2 hyperref configuration of TeXLive
)
Package hyperref Info: Option `unicode' set `true' on input line 4393.

("C:\Users\Ismail\AppData\Local\Programs\MiKTeX 2.9\tex/latex/hyperref\puenc.de
f"
File: puenc.def 2018/11/30 v6.88e Hyperref: PDF Unicode definition (HO)
Now handling font encoding PU ...
... no UTF-8 mapping file for font encoding PU
)
Package hyperref Info: Option `bookmarks' set `true' on input line 4393.
Package hyperref Info: Option `bookmarksnumbered' set `true' on input line 4393
.
Package hyperref Info: Option `bookmarksopen' set `true' on input line 4393.
Package hyperref Info: Option `breaklinks' set `true' on input line 4393.
Package hyperref Info: Option `colorlinks' set `true' on input line 4393.
Package hyperref Info: Hyper figures OFF on input line 4519.
Package hyperref Info: Link nesting OFF on input line 4524.
Package hyperref Info: Hyper index ON on input line 4527.
Package hyperref Info: Plain pages OFF on input line 4534.
Package hyperref Info: Backreferencing OFF on input line 4539.
Package hyperref Info: Implicit mode ON; LaTeX internals redefined.
Package hyperref Info: Bookmarks ON on input line 4772.
\c@Hy@tempcnt=\count130
 ("C:\Users\Ismail\AppData\Local\Programs\MiKTeX 2.9\tex/latex/url\url.sty"
\Urlmuskip=\muskip10
Package: url 2013/09/16  ver 3.4  Verb mode for urls, etc.
)
LaTeX Info: Redefining \url on input line 5125.
\XeTeXLinkMargin=\dimen139
\Fld@menulength=\count131
\Field@Width=\dimen140
\Fld@charsize=\dimen141
Package hyperref Info: Hyper figures OFF on input line 6380.
Package hyperref Info: Link nesting OFF on input line 6385.
Package hyperref Info: Hyper index ON on input line 6388.
Package hyperref Info: backreferencing OFF on input line 6395.
Package hyperref Info: Link coloring ON on input line 6398.
Package hyperref Info: Link coloring with OCG OFF on input line 6405.
Package hyperref Info: PDF/A mode OFF on input line 6410.
LaTeX Info: Redefining \ref on input line 6450.
LaTeX Info: Redefining \pageref on input line 6454.
\Hy@abspage=\count132
\c@Item=\count133
\c@Hfootnote=\count134
)
Package hyperref Info: Driver (autodetected): hpdftex.

("C:\Users\Ismail\AppData\Local\Programs\MiKTeX 2.9\tex/latex/hyperref\hpdftex.
def"
File: hpdftex.def 2018/11/30 v6.88e Hyperref driver for pdfTeX
\Fld@listcount=\count135
\c@bookmark@seq@number=\count136

("C:\Users\Ismail\AppData\Local\Programs\MiKTeX 2.9\tex/latex/oberdiek\rerunfil
echeck.sty"
Package: rerunfilecheck 2016/05/16 v1.8 Rerun checks for auxiliary files (HO)
Package uniquecounter Info: New unique counter `rerunfilecheck' on input line 2
82.
)
\Hy@SectionHShift=\skip47
)
("C:\Users\Ismail\AppData\Local\Programs\MiKTeX 2.9\tex/latex/fncychap\fncychap
.sty"
Package: fncychap 2007/07/30 v1.34 LaTeX package (Revised chapters)
\RW=\skip48
\mylen=\skip49
\myhi=\skip50
\px=\skip51
\py=\skip52
\pyy=\skip53
\pxx=\skip54
\backskip=\skip55
)
("C:\Users\Ismail\AppData\Local\Programs\MiKTeX 2.9\tex/latex/fancyhdr\fancyhdr
.sty"
Package: fancyhdr 2019/01/31 v3.10 Extensive control of page headers and footer
s
\f@nch@headwidth=\skip56
\f@nch@O@elh=\skip57
\f@nch@O@erh=\skip58
\f@nch@O@olh=\skip59
\f@nch@O@orh=\skip60
\f@nch@O@elf=\skip61
\f@nch@O@erf=\skip62
\f@nch@O@olf=\skip63
\f@nch@O@orf=\skip64
)

Package Fancyhdr Warning: \fancyhead's `E' option without twoside option is use
less on input line 64.


Package Fancyhdr Warning: \fancyhead's `E' option without twoside option is use
less on input line 65.

(pfe.aux

LaTeX Warning: Label `my-label' multiply defined.


LaTeX Warning: Label `my-label' multiply defined.


LaTeX Warning: Label `my-label' multiply defined.


LaTeX Warning: Label `my-label' multiply defined.


LaTeX Warning: Label `my-label' multiply defined.

)
\openout1 = `pfe.aux'.

LaTeX Font Info:    Checking defaults for OML/cmm/m/it on input line 76.
LaTeX Font Info:    ... okay on input line 76.
LaTeX Font Info:    Checking defaults for T1/cmr/m/n on input line 76.
LaTeX Font Info:    ... okay on input line 76.
LaTeX Font Info:    Checking defaults for OT1/cmr/m/n on input line 76.
LaTeX Font Info:    ... okay on input line 76.
LaTeX Font Info:    Checking defaults for OMS/cmsy/m/n on input line 76.
LaTeX Font Info:    ... okay on input line 76.
LaTeX Font Info:    Checking defaults for OMX/cmex/m/n on input line 76.
LaTeX Font Info:    ... okay on input line 76.
LaTeX Font Info:    Checking defaults for U/cmr/m/n on input line 76.
LaTeX Font Info:    ... okay on input line 76.
LaTeX Font Info:    Checking defaults for PD1/pdf/m/n on input line 76.
LaTeX Font Info:    ... okay on input line 76.
LaTeX Font Info:    Checking defaults for PU/pdf/m/n on input line 76.
LaTeX Font Info:    ... okay on input line 76.

*geometry* driver: auto-detecting
*geometry* detected driver: pdftex
*geometry* verbose mode - [ preamble ] result:
* driver: pdftex
* paper: a4paper
* layout: <same size as paper>
* layoutoffset:(h,v)=(0.0pt,0.0pt)
* modes: 
* h-part:(L,W,R)=(89.62709pt, 436.7489pt, 71.13188pt)
* v-part:(T,H,B)=(71.13188pt, 702.78308pt, 71.13188pt)
* \paperwidth=597.50787pt
* \paperheight=845.04684pt
* \textwidth=436.7489pt
* \textheight=702.78308pt
* \oddsidemargin=17.3571pt
* \evensidemargin=17.3571pt
* \topmargin=-38.1381pt
* \headheight=12.0pt
* \headsep=25.0pt
* \topskip=12.0pt
* \footskip=30.0pt
* \marginparwidth=44.0pt
* \marginparsep=10.0pt
* \columnsep=10.0pt
* \skip\footins=10.8pt plus 4.0pt minus 2.0pt
* \hoffset=0.0pt
* \voffset=0.0pt
* \mag=1000
* \@twocolumnfalse
* \@twosidefalse
* \@mparswitchfalse
* \@reversemarginfalse
* (1in=72.27pt=25.4mm, 1cm=28.453pt)


("C:\Users\Ismail\AppData\Local\Programs\MiKTeX 2.9\tex/context/base/mkii\supp-
pdf.mkii"
[Loading MPS to PDF converter (version 2006.09.02).]
\scratchcounter=\count137
\scratchdimen=\dimen142
\scratchbox=\box45
\nofMPsegments=\count138
\nofMParguments=\count139
\everyMPshowfont=\toks40
\MPscratchCnt=\count140
\MPscratchDim=\dimen143
\MPnumerator=\count141
\makeMPintoPDFobject=\count142
\everyMPtoPDFconversion=\toks41
)
("C:\Users\Ismail\AppData\Local\Programs\MiKTeX 2.9\tex/latex/oberdiek\epstopdf
-base.sty"
Package: epstopdf-base 2016/05/15 v2.6 Base part for package epstopdf

("C:\Users\Ismail\AppData\Local\Programs\MiKTeX 2.9\tex/latex/oberdiek\grfext.s
ty"
Package: grfext 2016/05/16 v1.2 Manage graphics extensions (HO)
)
Package epstopdf-base Info: Redefining graphics rule for `.eps' on input line 4
38.
Package grfext Info: Graphics extension search list:
(grfext)             [.pdf,.png,.jpg,.mps,.jpeg,.jbig2,.jb2,.PDF,.PNG,.JPG,.JPE
G,.JBIG2,.JB2,.eps]
(grfext)             \AppendGraphicsExtensions on input line 456.
)
\AtBeginShipoutBox=\box46
Package hyperref Info: Link coloring ON on input line 76.

("C:\Users\Ismail\AppData\Local\Programs\MiKTeX 2.9\tex/latex/hyperref\nameref.
sty"
Package: nameref 2016/05/21 v2.44 Cross-referencing by name of section

("C:\Users\Ismail\AppData\Local\Programs\MiKTeX 2.9\tex/generic/oberdiek\gettit
lestring.sty"
Package: gettitlestring 2016/05/16 v1.5 Cleanup title references (HO)
)
\c@section@level=\count143
)
LaTeX Info: Redefining \ref on input line 76.
LaTeX Info: Redefining \pageref on input line 76.
LaTeX Info: Redefining \nameref on input line 76.
 (pfe.out) (pfe.out)
\@outlinefile=\write6
\openout6 = `pfe.out'.


("C:\Users\Ismail\AppData\Local\Programs\MiKTeX 2.9\tex/latex/arabtex\apatch.st
y"
\a@lines=\count144
\a@Lwidth=\dimen144
\a@displaywidth=\dimen145

("C:\Users\Ismail\AppData\Local\Programs\MiKTeX 2.9\tex/latex/arabtex\alocal.st
y" (ArabTeX) 3.11 local stub, 26.02.2006)
(ArabTeX) version 3.11s (02.07.2006): second phase of patching)
LaTeX Font Info:    External font `cmex10' loaded for size
(Font)              <12> on input line 81.
LaTeX Font Info:    External font `cmex10' loaded for size
(Font)              <8> on input line 81.
LaTeX Font Info:    External font `cmex10' loaded for size
(Font)              <6> on input line 81.
<logo.pdf, id=211, 614.295pt x 794.97pt>
File: logo.pdf Graphic file (type pdf)
<use logo.pdf>
Package pdftex.def Info: logo.pdf  used on input line 87.
(pdftex.def)             Requested size: 131.026pt x 169.55663pt.
 [1

{C:/Users/Ismail/AppData/Local/MiKTeX/2.9/pdftex/config/pdftex.map} <./logo.pdf
>]
Underfull \hbox (badness 10000) in paragraph at lines 111--115

 []


Underfull \hbox (badness 10000) in paragraph at lines 111--115

 []


Underfull \hbox (badness 10000) in paragraph at lines 111--115

 []


Underfull \hbox (badness 10000) in paragraph at lines 111--115

 []


Package Fancyhdr Warning: \headheight is too small (12.0pt): 
Make it at least 14.49998pt.
We now make it that large for the rest of the document.
This may cause the page layout to be inconsistent, however.

pdfTeX warning (ext4): destination with the same identifier (name{page.i}) has 
been already used, duplicate ignored
<to be read again> 
                   \relax 
l.121 \chapter
              *{Acknowledgements} [1] [2

] (pfe.toc [3

] [4])
\tf@toc=\write7
\openout7 = `pfe.toc'.

 [5] (pfe.lof
[6

])
\tf@lof=\write8
\openout8 = `pfe.lof'.

 [7] (pfe.lot)
\tf@lot=\write9
\openout9 = `pfe.lot'.

 [8

] [9

]
Overfull \hbox (1.9706pt too wide) in paragraph at lines 157--158
\T1/bch/m/n/12 égale-ment gérer la con-fig-u-ra-tion statis-tique des ré-sul-ta
ts de tests avec des graphiques
 []

[1

] [2

] [3]
Chapter 1.
[4

]
LaTeX Font Info:    Try loading font information for OMS+bch on input line 204.


("C:\Users\Ismail\AppData\Local\Programs\MiKTeX 2.9\tex/latex/psnfss\omsbch.fd"
File: omsbch.fd 
)
LaTeX Font Info:    Font shape `OMS/bch/m/n' in size <12> not available
(Font)              Font shape `OMS/cmsy/m/n' tried instead on input line 204.
 [5]
<samknows.png, id=451, 1109.14375pt x 795.97375pt>
File: samknows.png Graphic file (type png)
<use samknows.png>
Package pdftex.def Info: samknows.png  used on input line 236.
(pdftex.def)             Requested size: 426.79134pt x 306.28688pt.
 [6]
<smaq.png, id=458, 1370.11874pt x 662.475pt>
File: smaq.png Graphic file (type png)
<use smaq.png>
Package pdftex.def Info: smaq.png  used on input line 246.
(pdftex.def)             Requested size: 426.79134pt x 206.35576pt.
 [7 <./samknows.png> <./smaq.png>] [8] [9]
Chapter 2.
[10

] [11] [12]
<general-use-case-diagram.png, id=494, 888.31876pt x 783.92876pt>
File: general-use-case-diagram.png Graphic file (type png)
<use general-use-case-diagram.png>
Package pdftex.def Info: general-use-case-diagram.png  used on input line 378.
(pdftex.def)             Requested size: 426.78125pt x 455.25316pt.
 [13 <./general-use-case-diagram.png>]
<manage-device-sequece-diagram.png, id=501, 663.47874pt x 382.42876pt>
File: manage-device-sequece-diagram.png Graphic file (type png)
<use manage-device-sequece-diagram.png>
Package pdftex.def Info: manage-device-sequece-diagram.png  used on input line 
389.
(pdftex.def)             Requested size: 426.79144pt x 369.90506pt.
 [14 <./manage-device-sequece-diagram.png>]
<tests-management-sequence-diagram.png, id=508, 694.595pt x 382.42876pt>
File: tests-management-sequence-diagram.png Graphic file (type png)
<use tests-management-sequence-diagram.png>
Package pdftex.def Info: tests-management-sequence-diagram.png  used on input l
ine 420.
(pdftex.def)             Requested size: 426.80774pt x 369.90506pt.
 [15] [16 <./tests-management-sequence-diagram.png>]
<network-monitoring-management-sequence-diagram.png, id=520, 527.9725pt x 382.4
2876pt>
File: network-monitoring-management-sequence-diagram.png Graphic file (type png
)
<use network-monitoring-management-sequence-diagram.png>
Package pdftex.def Info: network-monitoring-management-sequence-diagram.png  us
ed on input line 452.
(pdftex.def)             Requested size: 426.78531pt x 398.3584pt.
 [17]
Overfull \hbox (2.58267pt too wide) in paragraph at lines 460--477
 [][] 
 []

[18 <./network-monitoring-management-sequence-diagram.png>]
<charts-management-sequence-diagram.png, id=531, 527.9725pt x 482.80376pt>
File: charts-management-sequence-diagram.png Graphic file (type png)
<use charts-management-sequence-diagram.png>
Package pdftex.def Info: charts-management-sequence-diagram.png  used on input 
line 485.
(pdftex.def)             Requested size: 426.78531pt x 398.35486pt.
 [19] [20 <./charts-management-sequence-diagram.png>]
<users-management-sequence-diagram.png, id=542, 527.9725pt x 462.72874pt>
File: users-management-sequence-diagram.png Graphic file (type png)
<use users-management-sequence-diagram.png>
Package pdftex.def Info: users-management-sequence-diagram.png  used on input l
ine 518.
(pdftex.def)             Requested size: 426.78531pt x 398.34142pt.
 [21] [22 <./users-management-sequence-diagram.png>] [23]
Chapter 3.
<physicalarchitecture.png, id=559, 343.2825pt x 934.24031pt>
File: physicalarchitecture.png Graphic file (type png)
<use physicalarchitecture.png>
Package pdftex.def Info: physicalarchitecture.png  used on input line 565.
(pdftex.def)             Requested size: 261.38454pt x 711.3189pt.
[24

]
Overfull \vbox (35.5498pt too high) has occurred while \output is active []


[25 <./physicalarchitecture.png>]
<logicalarchitecture.png, id=570, 355.3275pt x 1246.6575pt>
File: logicalarchitecture.png Graphic file (type png)
<use logicalarchitecture.png>
Package pdftex.def Info: logicalarchitecture.png  used on input line 586.
(pdftex.def)             Requested size: 202.7448pt x 711.3189pt.
 [26]
Overfull \vbox (35.5498pt too high) has occurred while \output is active []


[27 <./logicalarchitecture.png>]
<generalclassdiagram.png, id=585, 556.32843pt x 932.73468pt>
File: generalclassdiagram.png Graphic file (type png)
<use generalclassdiagram.png>
Package pdftex.def Info: generalclassdiagram.png  used on input line 611.
(pdftex.def)             Requested size: 424.28258pt x 711.3189pt.
 [28]
Overfull \vbox (35.5498pt too high) has occurred while \output is active []


[29 <./generalclassdiagram.png>]
<packagediagram.png, id=598, 1089.06876pt x 748.7975pt>
File: packagediagram.png Graphic file (type png)
<use packagediagram.png>
Package pdftex.def Info: packagediagram.png  used on input line 620.
(pdftex.def)             Requested size: 426.79134pt x 293.43521pt.
<deviceclassdiagram.png, id=600, 819.06pt x 732.7375pt>
File: deviceclassdiagram.png Graphic file (type png)
<use deviceclassdiagram.png>
Package pdftex.def Info: deviceclassdiagram.png  used on input line 631.
(pdftex.def)             Requested size: 426.79134pt x 381.81952pt.
 [30 <./packagediagram.png>]
<devicesequencediagram.png, id=605, 1038.88126pt x 286.82156pt>
File: devicesequencediagram.png Graphic file (type png)
<use devicesequencediagram.png>
Package pdftex.def Info: devicesequencediagram.png  used on input line 640.
(pdftex.def)             Requested size: 483.69302pt x 284.5319pt.

Overfull \hbox (46.94412pt too wide) in paragraph at lines 640--641
 [][] 
 []

[31 <./deviceclassdiagram.png>]
<cronsequencediagram.png, id=610, 1032.10594pt x 287.57437pt>
File: cronsequencediagram.png Graphic file (type png)
<use cronsequencediagram.png>
Package pdftex.def Info: cronsequencediagram.png  used on input line 649.
(pdftex.def)             Requested size: 483.68823pt x 284.53716pt.

Overfull \hbox (46.93933pt too wide) in paragraph at lines 649--650
 [][] 
 []

[32 <./devicesequencediagram.png> <./cronsequencediagram.png>]
<metricclassdiagram.png, id=618, 687.56876pt x 749.80125pt>
File: metricclassdiagram.png Graphic file (type png)
<use metricclassdiagram.png>
Package pdftex.def Info: metricclassdiagram.png  used on input line 665.
(pdftex.def)             Requested size: 426.79134pt x 465.42114pt.
 [33]
<metricsequencediagram.png, id=624, 3033.3325pt x 1007.765pt>
File: metricsequencediagram.png Graphic file (type png)
<use metricsequencediagram.png>
Package pdftex.def Info: metricsequencediagram.png  used on input line 674.
(pdftex.def)             Requested size: 483.67686pt x 284.525pt.

Overfull \hbox (46.92796pt too wide) in paragraph at lines 674--675
 [][] 
 []

[34 <./metricclassdiagram.png>]
<alertclassdiagram.png, id=630, 522.95375pt x 755.82375pt>
File: alertclassdiagram.png Graphic file (type png)
<use alertclassdiagram.png>
Package pdftex.def Info: alertclassdiagram.png  used on input line 692.
(pdftex.def)             Requested size: 426.79134pt x 616.85013pt.
 [35 <./metricsequencediagram.png>] [36 <./alertclassdiagram.png>]
<alertsequencediagram.png, id=640, 1184.425pt x 382.42876pt>
File: alertsequencediagram.png Graphic file (type png)
<use alertsequencediagram.png>
Package pdftex.def Info: alertsequencediagram.png  used on input line 701.
(pdftex.def)             Requested size: 483.70168pt x 284.53922pt.

Overfull \hbox (46.95277pt too wide) in paragraph at lines 701--702
 [][] 
 []

<viewclassdiagram.png, id=642, 586.19pt x 749.80125pt>
File: viewclassdiagram.png Graphic file (type png)
<use viewclassdiagram.png>
Package pdftex.def Info: viewclassdiagram.png  used on input line 718.
(pdftex.def)             Requested size: 426.79134pt x 545.9088pt.
[37 <./alertsequencediagram.png>]
<viewsequencediagram.png, id=648, 1453.43pt x 382.42876pt>
File: viewsequencediagram.png Graphic file (type png)
<use viewsequencediagram.png>
Package pdftex.def Info: viewsequencediagram.png  used on input line 727.
(pdftex.def)             Requested size: 483.69186pt x 284.53922pt.

Overfull \hbox (46.94296pt too wide) in paragraph at lines 727--728
 [][] 
 []

[38 <./viewclassdiagram.png>]
<dashboardsequencediagram.png, id=653, 1434.35875pt x 382.42876pt>
File: dashboardsequencediagram.png Graphic file (type png)
<use dashboardsequencediagram.png>
Package pdftex.def Info: dashboardsequencediagram.png  used on input line 736.
(pdftex.def)             Requested size: 483.69218pt x 284.53922pt.

Overfull \hbox (46.94328pt too wide) in paragraph at lines 736--737
 [][] 
 []

[39 <./viewsequencediagram.png> <./dashboardsequencediagram.png>]
<userclassdiagram.png, id=662, 552.0625pt x 739.76375pt>
File: userclassdiagram.png Graphic file (type png)
<use userclassdiagram.png>
Package pdftex.def Info: userclassdiagram.png  used on input line 757.
(pdftex.def)             Requested size: 426.79134pt x 571.92256pt.
 [40]
<usersequencediagram.png, id=667, 1175.39125pt x 382.42876pt>
File: usersequencediagram.png Graphic file (type png)
<use usersequencediagram.png>
Package pdftex.def Info: usersequencediagram.png  used on input line 766.
(pdftex.def)             Requested size: 483.6891pt x 284.53922pt.

Overfull \hbox (46.9402pt too wide) in paragraph at lines 766--767
 [][] 
 []

[41 <./userclassdiagram.png>]
<scriptskafka.png, id=674, 505.89pt x 472.76625pt>
File: scriptskafka.png Graphic file (type png)
<use scriptskafka.png>
Package pdftex.def Info: scriptskafka.png  used on input line 785.
(pdftex.def)             Requested size: 426.79134pt x 398.85225pt.
 [42 <./usersequencediagram.png>] [43 <./scriptskafka.png>] [44]
Chapter 4.
[45

] [46]
Underfull \hbox (badness 10000) in paragraph at lines 841--842

 []


Underfull \hbox (badness 10000) in paragraph at lines 851--852

 []


Overfull \hbox (1.31775pt too wide) in paragraph at lines 856--857
[]\T1/bch/m/n/12 Apache Kafka: Kafka is dis-tributed, fault-tolerant, hor-i-zon
-tally scal-able, wicked
 []

[47]
<user.PNG, id=713, 1027.58907pt x 432.86719pt>
File: user.PNG Graphic file (type png)
<use user.PNG>
Package pdftex.def Info: user.PNG  used on input line 872.
(pdftex.def)             Requested size: 426.79134pt x 179.78183pt.
 [48]
<updateuser.PNG, id=721, 1023.07219pt x 490.83376pt>
File: updateuser.PNG Graphic file (type png)
<use updateuser.PNG>
Package pdftex.def Info: updateuser.PNG  used on input line 883.
(pdftex.def)             Requested size: 426.79134pt x 204.75572pt.
<login.PNG, id=723, 1020.81375pt x 492.33937pt>
File: login.PNG Graphic file (type png)
<use login.PNG>
Package pdftex.def Info: login.PNG  used on input line 895.
(pdftex.def)             Requested size: 426.79134pt x 205.84206pt.
 [49 <./user.PNG> <./updateuser.PNG>]
<device.PNG, id=731, 1027.58907pt x 413.29407pt>
File: device.PNG Graphic file (type png)
<use device.PNG>
Package pdftex.def Info: device.PNG  used on input line 911.
(pdftex.def)             Requested size: 426.79134pt x 171.65257pt.
 [50 <./login.PNG>]
<updatedevice.PNG, id=738, 848.4197pt x 305.64188pt>
File: updatedevice.PNG Graphic file (type png)
<use updatedevice.PNG>
Package pdftex.def Info: updatedevice.PNG  used on input line 920.
(pdftex.def)             Requested size: 426.79134pt x 153.74863pt.
<cron.PNG, id=740, 1027.58907pt x 441.90094pt>
File: cron.PNG Graphic file (type png)
<use cron.PNG>
Package pdftex.def Info: cron.PNG  used on input line 932.
(pdftex.def)             Requested size: 426.79134pt x 183.53381pt.
 [51 <./device.PNG> <./updatedevice.PNG>]
<updatecron.PNG, id=750, 1027.58907pt x 423.83344pt>
File: updatecron.PNG Graphic file (type png)
<use updatecron.PNG>
Package pdftex.def Info: updatecron.PNG  used on input line 942.
(pdftex.def)             Requested size: 426.79134pt x 176.02986pt.
 [52 <./cron.PNG> <./updatecron.PNG>]
<metric.PNG, id=758, 1027.58907pt x 492.33937pt>
File: metric.PNG Graphic file (type png)
<use metric.PNG>
Package pdftex.def Info: metric.PNG  used on input line 956.
(pdftex.def)             Requested size: 426.79134pt x 204.4823pt.
<generalcreatemetric.PNG, id=760, 845.40843pt x 294.34969pt>
File: generalcreatemetric.PNG Graphic file (type png)
<use generalcreatemetric.PNG>
Package pdftex.def Info: generalcreatemetric.PNG  used on input line 968.
(pdftex.def)             Requested size: 426.79134pt x 148.59375pt.
 [53 <./metric.PNG> <./generalcreatemetric.PNG>]
<commandcreatemetric.PNG, id=768, 834.11626pt x 437.38406pt>
File: commandcreatemetric.PNG Graphic file (type png)
<use commandcreatemetric.PNG>
Package pdftex.def Info: commandcreatemetric.PNG  used on input line 978.
(pdftex.def)             Requested size: 426.79134pt x 223.79704pt.
<formulacreatemetric.PNG, id=770, 847.66687pt x 367.3725pt>
File: formulacreatemetric.PNG Graphic file (type png)
<use formulacreatemetric.PNG>
Package pdftex.def Info: formulacreatemetric.PNG  used on input line 987.
(pdftex.def)             Requested size: 426.79134pt x 184.96948pt.
 [54 <./commandcreatemetric.PNG>]
<schedulingcreatemetric.PNG, id=777, 849.1725pt x 223.58531pt>
File: schedulingcreatemetric.PNG Graphic file (type png)
<use schedulingcreatemetric.PNG>
Package pdftex.def Info: schedulingcreatemetric.PNG  used on input line 996.
(pdftex.def)             Requested size: 426.79134pt x 112.37234pt.
<alert.PNG, id=779, 1027.58907pt x 491.58656pt>
File: alert.PNG Graphic file (type png)
<use alert.PNG>
Package pdftex.def Info: alert.PNG  used on input line 1009.
(pdftex.def)             Requested size: 426.79134pt x 204.16963pt.
 [55 <./formulacreatemetric.PNG> <./schedulingcreatemetric.PNG>]
<createalert.PNG, id=787, 1027.58907pt x 490.08093pt>
File: createalert.PNG Graphic file (type png)
<use createalert.PNG>
Package pdftex.def Info: createalert.PNG  used on input line 1019.
(pdftex.def)             Requested size: 426.79134pt x 203.54431pt.
 [56 <./alert.PNG> <./createalert.PNG>]
<statistics.PNG, id=795, 1014.03844pt x 492.33937pt>
File: statistics.PNG Graphic file (type png)
<use statistics.PNG>
Package pdftex.def Info: statistics.PNG  used on input line 1033.
(pdftex.def)             Requested size: 426.79134pt x 207.21684pt.
<dashboard.PNG, id=797, 1019.30812pt x 494.59781pt>
File: dashboard.PNG Graphic file (type png)
<use dashboard.PNG>
Package pdftex.def Info: dashboard.PNG  used on input line 1044.
(pdftex.def)             Requested size: 426.79134pt x 207.0957pt.
 [57 <./statistics.PNG>]
<timefilter.PNG, id=805, 830.35219pt x 303.38344pt>
File: timefilter.PNG Graphic file (type png)
<use timefilter.PNG>
Package pdftex.def Info: timefilter.PNG  used on input line 1055.
(pdftex.def)             Requested size: 426.79134pt x 155.93636pt.
<locationfilter.PNG, id=807, 1016.29688pt x 484.81125pt>
File: locationfilter.PNG Graphic file (type png)
<use locationfilter.PNG>
Package pdftex.def Info: locationfilter.PNG  used on input line 1066.
(pdftex.def)             Requested size: 426.79134pt x 203.59714pt.
 [58 <./dashboard.PNG> <./timefilter.PNG>]
<comparingfilter.PNG, id=815, 823.57687pt x 109.91063pt>
File: comparingfilter.PNG Graphic file (type png)
<use comparingfilter.PNG>
Package pdftex.def Info: comparingfilter.PNG  used on input line 1077.
(pdftex.def)             Requested size: 426.79134pt x 56.95761pt.
<alertdetail.PNG, id=817, 441.14813pt x 325.96782pt>
File: alertdetail.PNG Graphic file (type png)
<use alertdetail.PNG>
Package pdftex.def Info: alertdetail.PNG  used on input line 1088.
(pdftex.def)             Requested size: 426.79134pt x 315.37268pt.

[59 <./locationfilter.PNG> <./comparingfilter.PNG>]
<charts.PNG, id=826, 414.04688pt x 337.26pt>
File: charts.PNG Graphic file (type png)
<use charts.PNG>
Package pdftex.def Info: charts.PNG  used on input line 1098.
(pdftex.def)             Requested size: 426.79134pt x 347.64928pt.
 [60 <./alertdetail.PNG>]
[61 <./charts.PNG>]
Chapter 5.
[62

]
Underfull \hbox (badness 10000) in paragraph at lines 1120--1121
[]\T1/bch/m/n/12 Samknows.com. (2019). Sam-Knows. [on-line] Avail-able at:
 []


Underfull \hbox (badness 10000) in paragraph at lines 1120--1121

 []


Underfull \hbox (badness 2418) in paragraph at lines 1125--1126
\T1/bch/m/n/12 tion. [on-line] Docs.spring.io. Avail-able at: [][]https://docs.
spring.io/spring-
 []


Underfull \hbox (badness 10000) in paragraph at lines 1125--1126

 []


Underfull \hbox (badness 10000) in paragraph at lines 1129--1130

 []


Underfull \hbox (badness 1215) in paragraph at lines 1133--1134
[]\T1/bch/m/n/12 Docs.confluent.io. (2019). li-brd-kafka: li-brd-kafka doc-u-me
n-ta-tion. [on-line]
 []


Underfull \hbox (badness 4467) in paragraph at lines 1133--1134
\T1/bch/m/n/12 Avail-able at: [][]https://docs.confluent.io/2.0.0/clients/librd
kafka/index.html[][]
 []


Underfull \hbox (badness 10000) in paragraph at lines 1133--1134

 []


Underfull \hbox (badness 10000) in paragraph at lines 1137--1138

 []


Underfull \hbox (badness 10000) in paragraph at lines 1141--1142

 []


Underfull \hbox (badness 10000) in paragraph at lines 1145--1146
[]\T1/bch/m/n/12 Echarts.apache.org. (2019). ECharts. [on-line] Avail-able at:
 []


Underfull \hbox (badness 10000) in paragraph at lines 1145--1146

 []

[63

]
Underfull \hbox (badness 10000) in paragraph at lines 1149--1150
[]\T1/bch/m/n/12 V7.angular.io. (2019). An-gu-lar. [on-line] Avail-able at:
 []


Underfull \hbox (badness 10000) in paragraph at lines 1149--1150

 []


Underfull \hbox (badness 10000) in paragraph at lines 1153--1154
[]\T1/bch/m/n/12 PyPI. (2019). python-crontab. [on-line] Avail-able at:
 []

Package atveryend Info: Empty hook `BeforeClearDocument' on input line 1159.
[64]
Package atveryend Info: Empty hook `AfterLastShipout' on input line 1159.
 (pfe.aux)
Package atveryend Info: Executing hook `AtVeryEndDocument' on input line 1159.


 *File List*
  report.cls    2018/09/03 v1.4i Standard LaTeX document class
  size12.clo    2018/09/03 v1.4i Standard LaTeX file (size option)
 charter.sty    2005/04/12 PSNFSS-v9.2a (P.Dyballa) 
 fontenc.sty
   t1enc.def    2018/08/11 v2.0j Standard LaTeX file
geometry.sty    2018/04/16 v5.8 Page Geometry
  keyval.sty    2014/10/28 v1.15 key=value parser (DPC)
   ifpdf.sty    2018/09/07 v3.3 Provides the ifpdf switch
  ifvtex.sty    2016/05/16 v1.6 Detect VTeX and its facilities (HO)
 ifxetex.sty    2010/09/12 v0.6 Provides ifxetex conditional
geometry.cfg
   color.sty    2016/07/10 v1.1e Standard LaTeX Color (DPC)
   color.cfg    2016/01/02 v1.6 sample color configuration
  pdftex.def    2018/01/08 v1.0l Graphics/color driver for pdftex
   babel.sty    2019/06/03 3.32 The Babel package
 bblopts.cfg    2005/09/08 v0.1 add Arabic and Farsi to "declared" options of b
abel
 english.ldf    2017/06/06 v3.3r English support from the babel system
 arabtex.sty    2003/08/22  3.11 ArabTeX main module
 arabaux.sty    2003/05/21  3.11 auxiliary macros for ArabTeX
   t1bch.fd    2004/10/18 font definitions for T1/bch.
    acmd.sty    2003/08/20  3.11 Arabic command processing 
  afonts.sty    1995/11/16  3.04 define Naskh font 
 afonts2.sty    1998/10/19  3.10 define Naskh fonts for LaTeX2e
   ascan.sty    2003/08/22  3.11 standard ZDMG input encoding 
  aparse.sty    2003/05/26  3.11 get syllables 
  awrite.sty    2003/06/05  3.11 build output word 
xarbsymb.sty    1998/07/15  3.07 symbolic output encoding 
arabskel.sty    2000/06/04  3.10 character skeleton definitions 
xarbskel.sty    1999/07/17  3.09 character skeleton definitions 
  aboxes.sty    2003/05/28  3.11 build output boxes
arabtoks.sty    1999/07/17  3.09 ArabTeX CS token definitions 
arabchrs.sty    1998/07/11  3.07 letter token definitions 
   aligs.sty    2003/05/26  3.11 compute ligatures
 aoutput.sty    2000/06/04  3.10 build output lines
  abidir.sty    2003/08/22  3.11 bidirectional linebreaking
  atrans.sty    2003/06/14  3.11 generate the transliteration 
  alatex.sty    2003/05/04  3.11 ArabTeX extensions for LaTeX 
   afoot.sty    2003/05/12  3.11 ArabTeX footnotes
   abjad.sty    2003/04/26  3.11 abjad numerals 
  apatch.sty    2006/07/02  3.11s last minute patches 
  alists.sty    2003/04/26  3.11 inverted list macros
   asect.sty    2003/04/26  3.11 section macros for Arabic
   atabg.sty    1997/01/21  3.05 LaTeX tabbing macros for Arabic
   float.sty    2001/11/08 v1.3d Float enhancements (AL)
graphicx.sty    2017/06/01 v1.1a Enhanced LaTeX Graphics (DPC,SPQR)
graphics.sty    2017/06/25 v1.2c Standard LaTeX Graphics (DPC,SPQR)
    trig.sty    2016/01/03 v1.10 sin cos tan (DPC)
graphics.cfg    2016/06/04 v1.11 sample graphics configuration
setspace.sty    2011/12/19 v6.7a set line spacing
 nomencl.sty    2019/05/05 v5.2 Nomenclature package
 xkeyval.sty    2014/12/03 v2.7a package option processing (HA)
 xkeyval.tex    2014/12/03 v2.7a key=value parser (HA)
  ifthen.sty    2014/09/29 v1.1c Standard LaTeX ifthen package (DPC)
tocbasic.sty    2019/02/01 v3.26b KOMA-Script package (handling toc-files)
 scrbase.sty    2019/02/01 v3.26b KOMA-Script package (KOMA-Script-independent 
basics and keyval usage)
scrlfile.sty    2019/02/01 v3.26b KOMA-Script package (loading files)
hyperref.sty    2018/11/30 v6.88e Hypertext links for LaTeX
hobsub-hyperref.sty    2016/05/16 v1.14 Bundle oberdiek, subset hyperref (HO)
hobsub-generic.sty    2016/05/16 v1.14 Bundle oberdiek, subset generic (HO)
  hobsub.sty    2016/05/16 v1.14 Construct package bundles (HO)
infwarerr.sty    2016/05/16 v1.4 Providing info/warning/error messages (HO)
 ltxcmds.sty    2016/05/16 v1.23 LaTeX kernel commands for general use (HO)
ifluatex.sty    2016/05/16 v1.4 Provides the ifluatex switch (HO)
 intcalc.sty    2016/05/16 v1.2 Expandable calculations with integers (HO)
etexcmds.sty    2016/05/16 v1.6 Avoid name clashes with e-TeX commands (HO)
kvsetkeys.sty    2016/05/16 v1.17 Key value parser (HO)
kvdefinekeys.sty    2016/05/16 v1.4 Define keys (HO)
pdftexcmds.sty    2018/09/10 v0.29 Utility functions of pdfTeX for LuaTeX (HO)
pdfescape.sty    2016/05/16 v1.14 Implements pdfTeX's escape features (HO)
bigintcalc.sty    2016/05/16 v1.4 Expandable calculations on big integers (HO)
  bitset.sty    2016/05/16 v1.2 Handle bit-vector datatype (HO)
uniquecounter.sty    2016/05/16 v1.3 Provide unlimited unique counter (HO)
letltxmacro.sty    2016/05/16 v1.5 Let assignment for LaTeX macros (HO)
 hopatch.sty    2016/05/16 v1.3 Wrapper for package hooks (HO)
xcolor-patch.sty    2016/05/16 xcolor patch
atveryend.sty    2016/05/16 v1.9 Hooks at the very end of document (HO)
atbegshi.sty    2016/06/09 v1.18 At begin shipout hook (HO)
refcount.sty    2016/05/16 v3.5 Data extraction from label references (HO)
 hycolor.sty    2016/05/16 v1.8 Color options for hyperref/bookmark (HO)
 auxhook.sty    2016/05/16 v1.4 Hooks for auxiliary files (HO)
kvoptions.sty    2016/05/16 v3.12 Key value format for package options (HO)
  pd1enc.def    2018/11/30 v6.88e Hyperref: PDFDocEncoding definition (HO)
hyperref.cfg    2002/06/06 v1.2 hyperref configuration of TeXLive
   puenc.def    2018/11/30 v6.88e Hyperref: PDF Unicode definition (HO)
     url.sty    2013/09/16  ver 3.4  Verb mode for urls, etc.
 hpdftex.def    2018/11/30 v6.88e Hyperref driver for pdfTeX
rerunfilecheck.sty    2016/05/16 v1.8 Rerun checks for auxiliary files (HO)
fncychap.sty    2007/07/30 v1.34 LaTeX package (Revised chapters)
fancyhdr.sty    2019/01/31 v3.10 Extensive control of page headers and footers
supp-pdf.mkii
epstopdf-base.sty    2016/05/15 v2.6 Base part for package epstopdf
  grfext.sty    2016/05/16 v1.2 Manage graphics extensions (HO)
 nameref.sty    2016/05/21 v2.44 Cross-referencing by name of section
gettitlestring.sty    2016/05/16 v1.5 Cleanup title references (HO)
     pfe.out
     pfe.out
  apatch.sty    2006/07/02  3.11s last minute patches 
    logo.pdf    Graphic file (type pdf)
  omsbch.fd    
samknows.png    Graphic file (type png)
    smaq.png    Graphic file (type png)
general-use-case-diagram.png    Graphic file (type png)
manage-device-sequece-diagram.png    Graphic file (type png)
tests-management-sequence-diagram.png    Graphic file (type png)
network-monitoring-management-sequence-diagram.png    Graphic file (type png)
charts-management-sequence-diagram.png    Graphic file (type png)
users-management-sequence-diagram.png    Graphic file (type png)
physicalarchitecture.png    Graphic file (type png)
logicalarchitecture.png    Graphic file (type png)
generalclassdiagram.png    Graphic file (type png)
packagediagram.png    Graphic file (type png)
deviceclassdiagram.png    Graphic file (type png)
devicesequencediagram.png    Graphic file (type png)
cronsequencediagram.png    Graphic file (type png)
metricclassdiagram.png    Graphic file (type png)
metricsequencediagram.png    Graphic file (type png)
alertclassdiagram.png    Graphic file (type png)
alertsequencediagram.png    Graphic file (type png)
viewclassdiagram.png    Graphic file (type png)
viewsequencediagram.png    Graphic file (type png)
dashboardsequencediagram.png    Graphic file (type png)
userclassdiagram.png    Graphic file (type png)
usersequencediagram.png    Graphic file (type png)
scriptskafka.png    Graphic file (type png)
    user.PNG    Graphic file (type png)
updateuser.PNG    Graphic file (type png)
   login.PNG    Graphic file (type png)
  device.PNG    Graphic file (type png)
updatedevice.PNG    Graphic file (type png)
    cron.PNG    Graphic file (type png)
updatecron.PNG    Graphic file (type png)
  metric.PNG    Graphic file (type png)
generalcreatemetric.PNG    Graphic file (type png)
commandcreatemetric.PNG    Graphic file (type png)
formulacreatemetric.PNG    Graphic file (type png)
schedulingcreatemetric.PNG    Graphic file (type png)
   alert.PNG    Graphic file (type png)
createalert.PNG    Graphic file (type png)
statistics.PNG    Graphic file (type png)
dashboard.PNG    Graphic file (type png)
timefilter.PNG    Graphic file (type png)
locationfilter.PNG    Graphic file (type png)
comparingfilter.PNG    Graphic file (type png)
alertdetail.PNG    Graphic file (type png)
  charts.PNG    Graphic file (type png)
 ***********

Package atveryend Info: Executing hook `AtEndAfterFileList' on input line 1159.

Package rerunfilecheck Info: File `pfe.out' has not changed.
(rerunfilecheck)             Checksum: A8C66EEFCBEECD56629A79D8CE53CCB2;11133.

LaTeX Warning: There were multiply-defined labels.

Package atveryend Info: Empty hook `AtVeryVeryEnd' on input line 1159.
 ) 
Here is how much of TeX's memory you used:
 13505 strings out of 492895
 187950 string characters out of 3123268
 324319 words of memory out of 3000000
 16960 multiletter control sequences out of 15000+200000
 44014 words of font info for 46 fonts, out of 3000000 for 9000
 1141 hyphenation exceptions out of 8191
 35i,14n,47p,984b,467s stack positions out of 5000i,500n,10000p,200000b,50000s
{C:/Users/Ismail/AppData/Local/Programs/MiKTeX 2.9/fonts/enc/dvips/base/8r.en
c}<C:/Users/Ismail/AppData/Local/Programs/MiKTeX 2.9/fonts/type1/bitstrea/chart
er/bchb8a.pfb><C:/Users/Ismail/AppData/Local/Programs/MiKTeX 2.9/fonts/type1/bi
tstrea/charter/bchr8a.pfb><C:/Users/Ismail/AppData/Local/Programs/MiKTeX 2.9/fo
nts/type1/public/amsfonts/cm/cmsy10.pfb>
Output written on pfe.pdf (74 pages, 2457919 bytes).
PDF statistics:
 920 PDF objects out of 1000 (max. 8388607)
 202 named destinations out of 1000 (max. 500000)
 652 words of extra memory for PDF output out of 10000 (max. 10000000)

